<?xml version="1.0" encoding="UTF-8"?>
<testng-results ignored="0" total="1" passed="1" failed="0" skipped="0">
  <reporter-output>
  </reporter-output>
  <suite started-at="2023-02-15T10:55:29 EST" name="Default suite" finished-at="2023-02-15T10:55:32 EST" duration-ms="2310">
    <groups>
    </groups>
    <test started-at="2023-02-15T10:55:29 EST" name="Default test" finished-at="2023-02-15T10:55:32 EST" duration-ms="2310">
      <class name="Assert.Assertion">
        <test-method signature="setupTest()[pri:0, instance:Assert.Assertion@1725dc0f]" started-at="2023-02-15T10:55:29 EST" name="setupTest" finished-at="2023-02-15T10:55:32 EST" duration-ms="2284" status="PASS">
          <reporter-output>
          </reporter-output>
        </test-method> <!-- setupTest -->
      </class> <!-- Assert.Assertion -->
    </test> <!-- Default test -->
  </suite> <!-- Default suite -->
</testng-results>
